# JRE version: OpenJDK Runtime Environment (8.0_332-b09) (build 1.8.0_332-b09)
# Java VM: OpenJDK 64-Bit Server VM (25.332-b09 mixed mode windows-amd64 compressed oops)
Heap:
 PSYoungGen      total 131584K, used 34338K [0x00000000edd80000, 0x00000000f9000000, 0x0000000100000000)
  eden space 117760K, 27% used [0x00000000edd80000,0x00000000efcc8ae0,0x00000000f5080000)
  from space 13824K, 16% used [0x00000000f5080000,0x00000000f52bffa0,0x00000000f5e00000)
  to   space 13824K, 0% used [0x00000000f8280000,0x00000000f8280000,0x00000000f9000000)
 ParOldGen       total 53248K, used 24302K [0x00000000c9800000, 0x00000000ccc00000, 0x00000000edd80000)
  object space 53248K, 45% used [0x00000000c9800000,0x00000000cafbb888,0x00000000ccc00000)
 Metaspace       used 23918K, capacity 24235K, committed 24576K, reserved 1071104K
  class space    used 2859K, capacity 2958K, committed 3072K, reserved 1048576K
GC Heap History (10 events):
Event: 2.649 GC heap before
{Heap before GC invocations=6 (full 0):
 PSYoungGen      total 31744K, used 31728K [0x00000000edd80000, 0x00000000f2a80000, 0x0000000100000000)
  eden space 29696K, 100% used [0x00000000edd80000,0x00000000efa80000,0x00000000efa80000)
  from space 2048K, 99% used [0x00000000efa80000,0x00000000efc7c010,0x00000000efc80000)
  to   space 9728K, 0% used [0x00000000f2100000,0x00000000f2100000,0x00000000f2a80000)
 ParOldGen       total 38400K, used 19604K [0x00000000c9800000, 0x00000000cbd80000, 0x00000000edd80000)
  object space 38400K, 51% used [0x00000000c9800000,0x00000000cab252a0,0x00000000cbd80000)
 Metaspace       used 13751K, capacity 13950K, committed 14208K, reserved 1060864K
  class space    used 1759K, capacity 1821K, committed 1920K, reserved 1048576K
Event: 2.664 GC heap after
Heap after GC invocations=6 (full 0):
 PSYoungGen      total 68608K, used 7786K [0x00000000edd80000, 0x00000000f2b80000, 0x0000000100000000)
  eden space 58880K, 0% used [0x00000000edd80000,0x00000000edd80000,0x00000000f1700000)
  from space 9728K, 80% used [0x00000000f2100000,0x00000000f289a930,0x00000000f2a80000)
  to   space 10240K, 0% used [0x00000000f1700000,0x00000000f1700000,0x00000000f2100000)
 ParOldGen       total 38400K, used 19612K [0x00000000c9800000, 0x00000000cbd80000, 0x00000000edd80000)
  object space 38400K, 51% used [0x00000000c9800000,0x00000000cab272a0,0x00000000cbd80000)
 Metaspace       used 13751K, capacity 13950K, committed 14208K, reserved 1060864K
  class space    used 1759K, capacity 1821K, committed 1920K, reserved 1048576K
}
Event: 4.949 GC heap before
{Heap before GC invocations=7 (full 0):
 PSYoungGen      total 68608K, used 66666K [0x00000000edd80000, 0x00000000f2b80000, 0x0000000100000000)
  eden space 58880K, 100% used [0x00000000edd80000,0x00000000f1700000,0x00000000f1700000)
  from space 9728K, 80% used [0x00000000f2100000,0x00000000f289a930,0x00000000f2a80000)
  to   space 10240K, 0% used [0x00000000f1700000,0x00000000f1700000,0x00000000f2100000)
 ParOldGen       total 38400K, used 19612K [0x00000000c9800000, 0x00000000cbd80000, 0x00000000edd80000)
  object space 38400K, 51% used [0x00000000c9800000,0x00000000cab272a0,0x00000000cbd80000)
 Metaspace       used 20328K, capacity 20598K, committed 20864K, reserved 1067008K
  class space    used 2593K, capacity 2651K, committed 2688K, reserved 1048576K
Event: 4.991 GC heap after
Heap after GC invocations=7 (full 0):
 PSYoungGen      total 69120K, used 10224K [0x00000000edd80000, 0x00000000f6b80000, 0x0000000100000000)
  eden space 58880K, 0% used [0x00000000edd80000,0x00000000edd80000,0x00000000f1700000)
  from space 10240K, 99% used [0x00000000f1700000,0x00000000f20fc2c0,0x00000000f2100000)
  to   space 13824K, 0% used [0x00000000f5e00000,0x00000000f5e00000,0x00000000f6b80000)
 ParOldGen       total 38400K, used 23597K [0x00000000c9800000, 0x00000000cbd80000, 0x00000000edd80000)
  object space 38400K, 61% used [0x00000000c9800000,0x00000000caf0b570,0x00000000cbd80000)
 Metaspace       used 20328K, capacity 20598K, committed 20864K, reserved 1067008K
  class space    used 2593K, capacity 2651K, committed 2688K, reserved 1048576K
}
Event: 5.582 GC heap before
{Heap before GC invocations=8 (full 0):
 PSYoungGen      total 69120K, used 37184K [0x00000000edd80000, 0x00000000f6b80000, 0x0000000100000000)
  eden space 58880K, 45% used [0x00000000edd80000,0x00000000ef7d4018,0x00000000f1700000)
  from space 10240K, 99% used [0x00000000f1700000,0x00000000f20fc2c0,0x00000000f2100000)
  to   space 13824K, 0% used [0x00000000f5e00000,0x00000000f5e00000,0x00000000f6b80000)
 ParOldGen       total 38400K, used 23597K [0x00000000c9800000, 0x00000000cbd80000, 0x00000000edd80000)
  object space 38400K, 61% used [0x00000000c9800000,0x00000000caf0b570,0x00000000cbd80000)
 Metaspace       used 20853K, capacity 21100K, committed 21248K, reserved 1067008K
  class space    used 2635K, capacity 2724K, committed 2816K, reserved 1048576K
Event: 5.600 GC heap after
Heap after GC invocations=8 (full 0):
 PSYoungGen      total 131584K, used 9091K [0x00000000edd80000, 0x00000000f6b80000, 0x0000000100000000)
  eden space 117760K, 0% used [0x00000000edd80000,0x00000000edd80000,0x00000000f5080000)
  from space 13824K, 65% used [0x00000000f5e00000,0x00000000f66e0da8,0x00000000f6b80000)
  to   space 13824K, 0% used [0x00000000f5080000,0x00000000f5080000,0x00000000f5e00000)
 ParOldGen       total 38400K, used 23997K [0x00000000c9800000, 0x00000000cbd80000, 0x00000000edd80000)
  object space 38400K, 62% used [0x00000000c9800000,0x00000000caf6f530,0x00000000cbd80000)
 Metaspace       used 20853K, capacity 21100K, committed 21248K, reserved 1067008K
  class space    used 2635K, capacity 2724K, committed 2816K, reserved 1048576K
}
Event: 5.600 GC heap before
{Heap before GC invocations=9 (full 1):
 PSYoungGen      total 131584K, used 9091K [0x00000000edd80000, 0x00000000f6b80000, 0x0000000100000000)
  eden space 117760K, 0% used [0x00000000edd80000,0x00000000edd80000,0x00000000f5080000)
  from space 13824K, 65% used [0x00000000f5e00000,0x00000000f66e0da8,0x00000000f6b80000)
  to   space 13824K, 0% used [0x00000000f5080000,0x00000000f5080000,0x00000000f5e00000)
 ParOldGen       total 38400K, used 23997K [0x00000000c9800000, 0x00000000cbd80000, 0x00000000edd80000)
  object space 38400K, 62% used [0x00000000c9800000,0x00000000caf6f530,0x00000000cbd80000)
 Metaspace       used 20853K, capacity 21100K, committed 21248K, reserved 1067008K
  class space    used 2635K, capacity 2724K, committed 2816K, reserved 1048576K
Event: 5.705 GC heap after
Heap after GC invocations=9 (full 1):
 PSYoungGen      total 131584K, used 0K [0x00000000edd80000, 0x00000000f6b80000, 0x0000000100000000)
  eden space 117760K, 0% used [0x00000000edd80000,0x00000000edd80000,0x00000000f5080000)
  from space 13824K, 0% used [0x00000000f5e00000,0x00000000f5e00000,0x00000000f6b80000)
  to   space 13824K, 0% used [0x00000000f5080000,0x00000000f5080000,0x00000000f5e00000)
 ParOldGen       total 53248K, used 24294K [0x00000000c9800000, 0x00000000ccc00000, 0x00000000edd80000)
  object space 53248K, 45% used [0x00000000c9800000,0x00000000cafb9888,0x00000000ccc00000)
 Metaspace       used 20853K, capacity 21100K, committed 21248K, reserved 1067008K
  class space    used 2635K, capacity 2724K, committed 2816K, reserved 1048576K
}
Event: 8.243 GC heap before
{Heap before GC invocations=10 (full 1):
 PSYoungGen      total 131584K, used 117760K [0x00000000edd80000, 0x00000000f6b80000, 0x0000000100000000)
  eden space 117760K, 100% used [0x00000000edd80000,0x00000000f5080000,0x00000000f5080000)
  from space 13824K, 0% used [0x00000000f5e00000,0x00000000f5e00000,0x00000000f6b80000)
  to   space 13824K, 0% used [0x00000000f5080000,0x00000000f5080000,0x00000000f5e00000)
 ParOldGen       total 53248K, used 24294K [0x00000000c9800000, 0x00000000ccc00000, 0x00000000edd80000)
  object space 53248K, 45% used [0x00000000c9800000,0x00000000cafb9888,0x00000000ccc00000)
 Metaspace       used 23906K, capacity 24171K, committed 24576K, reserved 1071104K
  class space    used 2859K, capacity 2958K, committed 3072K, reserved 1048576K
Event: 8.249 GC heap after
Heap after GC invocations=10 (full 1):
 PSYoungGen      total 131584K, used 2303K [0x00000000edd80000, 0x00000000f9000000, 0x0000000100000000)
  eden space 117760K, 0% used [0x00000000edd80000,0x00000000edd80000,0x00000000f5080000)
  from space 13824K, 16% used [0x00000000f5080000,0x00000000f52bffa0,0x00000000f5e00000)
  to   space 13824K, 0% used [0x00000000f8280000,0x00000000f8280000,0x00000000f9000000)
 ParOldGen       total 53248K, used 24302K [0x00000000c9800000, 0x00000000ccc00000, 0x00000000edd80000)
  object space 53248K, 45% used [0x00000000c9800000,0x00000000cafbb888,0x00000000ccc00000)
 Metaspace       used 23906K, capacity 24171K, committed 24576K, reserved 1071104K
  class space    used 2859K, capacity 2958K, committed 3072K, reserved 1048576K
}

